<?xml version="1.0" encoding="utf-8"?><testsuites name="pytest tests"><testsuite name="pytest" errors="0" failures="0" skipped="0" tests="13" time="3.304" timestamp="2026-07-19T16:11:19.158133+00:00" hostname="agent-env-e2df7fd3-ebbd-4a14-9c1f-28619f00d791"><testcase classname="tests.backend_test" name="test_categories_order_and_en" time="0.222" /><testcase classname="tests.backend_test" name="test_menu_items_seeded_with_en" time="0.162" /><testcase classname="tests.backend_test" name="test_menu_has_known_en_values" time="0.149" /><testcase classname="tests.backend_test" name="test_login_success" time="0.319" /><testcase classname="tests.backend_test" name="test_login_wrong_password" time="0.364" /><testcase classname="tests.backend_test" name="test_me_without_token" time="0.099" /><testcase classname="tests.backend_test" name="test_me_with_token" time="0.421" /><testcase classname="tests.backend_test" name="test_cloudinary_signature_requires_auth" time="0.147" /><testcase classname="tests.backend_test" name="test_cloudinary_signature_ok" time="0.103" /><testcase classname="tests.backend_test" name="test_cloudinary_signature_rejects_bad_folder" time="0.099" /><testcase classname="tests.backend_test" name="test_cloudinary_signature_default_folder" time="0.095" /><testcase classname="tests.backend_test" name="test_admin_create_requires_auth" time="0.100" /><testcase classname="tests.backend_test" name="test_admin_crud_with_bilingual" time="0.511" /></testsuite></testsuites>