<?xml version="1.0" encoding="utf-8"?><testsuites name="pytest tests"><testsuite name="pytest" errors="0" failures="0" skipped="0" tests="8" time="3.246" timestamp="2026-07-19T15:28:46.085851+00:00" hostname="agent-env-e2df7fd3-ebbd-4a14-9c1f-28619f00d791"><testcase classname="tests.backend_test" name="test_categories_order" time="0.239" /><testcase classname="tests.backend_test" name="test_menu_items_seeded" time="0.139" /><testcase classname="tests.backend_test" name="test_login_success" time="0.365" /><testcase classname="tests.backend_test" name="test_login_wrong_password" time="0.354" /><testcase classname="tests.backend_test" name="test_me_without_token" time="0.164" /><testcase classname="tests.backend_test" name="test_me_with_token" time="0.448" /><testcase classname="tests.backend_test" name="test_admin_create_requires_auth" time="0.109" /><testcase classname="tests.backend_test" name="test_admin_crud_flow" time="0.908" /></testsuite></testsuites>